<?xml version="1.0" encoding="UTF-8"?>
<testng-results total="1" passed="1" failed="0" skipped="0">
  <reporter-output>
  </reporter-output>
  <suite started-at="2021-03-25T15:22:03Z" name="Default suite" finished-at="2021-03-25T15:22:24Z" duration-ms="20465">
    <groups>
    </groups>
    <test started-at="2021-03-25T15:22:03Z" name="Default test" finished-at="2021-03-25T15:22:24Z" duration-ms="20465">
      <class name="extentreport.ExtentDemo">
        <test-method is-config="true" signature="startTest()[pri:0, instance:extentreport.ExtentDemo@e3c0e40]" started-at="2021-03-25T20:52:03Z" name="startTest" finished-at="2021-03-25T20:52:04Z" duration-ms="773" status="PASS">
          <reporter-output>
          </reporter-output>
        </test-method> <!-- startTest -->
        <test-method signature="extentReportsDemo()[pri:0, instance:extentreport.ExtentDemo@e3c0e40]" started-at="2021-03-25T20:52:04Z" name="extentReportsDemo" finished-at="2021-03-25T20:52:22Z" duration-ms="18362" status="PASS">
          <reporter-output>
          </reporter-output>
        </test-method> <!-- extentReportsDemo -->
        <test-method is-config="true" signature="endTest()[pri:0, instance:extentreport.ExtentDemo@e3c0e40]" started-at="2021-03-25T20:52:23Z" name="endTest" finished-at="2021-03-25T20:52:24Z" duration-ms="1281" status="PASS">
          <reporter-output>
          </reporter-output>
        </test-method> <!-- endTest -->
      </class> <!-- extentreport.ExtentDemo -->
    </test> <!-- Default test -->
  </suite> <!-- Default suite -->
</testng-results>
